2012/11/07 22:45:08 [error] [exception.CHttpException.404] exception 'CHttpException' with message 'No es posible resolver la solicitud "themes/biskit/css/images/header-object.png"' in C:\xampp\htdocs\yii\framework\web\CWebApplication.php:287
Stack trace:
#0 C:\xampp\htdocs\yii\framework\web\CWebApplication.php(142): CWebApplication->runController('themes/biskit/c...')
#1 C:\xampp\htdocs\yii\framework\base\CApplication.php(162): CWebApplication->processRequest()
#2 C:\xampp\htdocs\WebBuro\index.php(13): CApplication->run()
#3 {main}
REQUEST_URI=/WebBuro/themes/biskit/css/images/header-object.png
HTTP_REFERER=http://localhost/WebBuro/user/admin.zk
---
2012/11/07 22:45:10 [error] [exception.CHttpException.404] exception 'CHttpException' with message 'No es posible resolver la solicitud "themes/biskit/css/images/header-object.png"' in C:\xampp\htdocs\yii\framework\web\CWebApplication.php:287
Stack trace:
#0 C:\xampp\htdocs\yii\framework\web\CWebApplication.php(142): CWebApplication->runController('themes/biskit/c...')
#1 C:\xampp\htdocs\yii\framework\base\CApplication.php(162): CWebApplication->processRequest()
#2 C:\xampp\htdocs\WebBuro\index.php(13): CApplication->run()
#3 {main}
REQUEST_URI=/WebBuro/themes/biskit/css/images/header-object.png
HTTP_REFERER=http://localhost/WebBuro/user/create.zk
---
2012/11/07 22:45:26 [error] [php] date_default_timezone_set() [<a href='function.date-default-timezone-set'>function.date-default-timezone-set</a>]: Timezone ID 'UTC-6' is invalid (C:\xampp\htdocs\WebBuro\protected\controllers\UserController.php:78)
Stack trace:
#0 C:\xampp\htdocs\yii\framework\web\CController.php(309): CInlineAction->runWithParams()
#1 C:\xampp\htdocs\yii\framework\web\filters\CFilterChain.php(134): UserController->runAction()
#2 C:\xampp\htdocs\yii\framework\web\filters\CFilter.php(41): CFilterChain->run()
#3 C:\xampp\htdocs\yii\framework\web\CController.php(1146): CAccessControlFilter->filter()
#4 C:\xampp\htdocs\yii\framework\web\filters\CInlineFilter.php(59): UserController->filterAccessControl()
#5 C:\xampp\htdocs\yii\framework\web\filters\CFilterChain.php(131): CInlineFilter->filter()
#6 C:\xampp\htdocs\yii\framework\web\CController.php(292): CFilterChain->run()
#7 C:\xampp\htdocs\yii\framework\web\CController.php(266): UserController->runActionWithFilters()
#8 C:\xampp\htdocs\yii\framework\web\CWebApplication.php(283): UserController->run()
#9 C:\xampp\htdocs\yii\framework\web\CWebApplication.php(142): CWebApplication->runController()
#10 C:\xampp\htdocs\yii\framework\base\CApplication.php(162): CWebApplication->processRequest()
#11 C:\xampp\htdocs\WebBuro\index.php(13): CWebApplication->run()
REQUEST_URI=/WebBuro/user/create.zk
in C:\xampp\htdocs\WebBuro\protected\controllers\UserController.php (78)
in C:\xampp\htdocs\WebBuro\index.php (13)
2012/11/07 22:48:03 [error] [php] date_default_timezone_set() [<a href='function.date-default-timezone-set'>function.date-default-timezone-set</a>]: Timezone ID 'GTM-6' is invalid (C:\xampp\htdocs\WebBuro\protected\controllers\UserController.php:78)
Stack trace:
#0 C:\xampp\htdocs\yii\framework\web\CController.php(309): CInlineAction->runWithParams()
#1 C:\xampp\htdocs\yii\framework\web\filters\CFilterChain.php(134): UserController->runAction()
#2 C:\xampp\htdocs\yii\framework\web\filters\CFilter.php(41): CFilterChain->run()
#3 C:\xampp\htdocs\yii\framework\web\CController.php(1146): CAccessControlFilter->filter()
#4 C:\xampp\htdocs\yii\framework\web\filters\CInlineFilter.php(59): UserController->filterAccessControl()
#5 C:\xampp\htdocs\yii\framework\web\filters\CFilterChain.php(131): CInlineFilter->filter()
#6 C:\xampp\htdocs\yii\framework\web\CController.php(292): CFilterChain->run()
#7 C:\xampp\htdocs\yii\framework\web\CController.php(266): UserController->runActionWithFilters()
#8 C:\xampp\htdocs\yii\framework\web\CWebApplication.php(283): UserController->run()
#9 C:\xampp\htdocs\yii\framework\web\CWebApplication.php(142): CWebApplication->runController()
#10 C:\xampp\htdocs\yii\framework\base\CApplication.php(162): CWebApplication->processRequest()
#11 C:\xampp\htdocs\WebBuro\index.php(13): CWebApplication->run()
REQUEST_URI=/WebBuro/user/create.zk
in C:\xampp\htdocs\WebBuro\protected\controllers\UserController.php (78)
in C:\xampp\htdocs\WebBuro\index.php (13)
2012/11/07 22:49:51 [error] [exception.CHttpException.404] exception 'CHttpException' with message 'No es posible resolver la solicitud "themes/biskit/css/images/header-object.png"' in C:\xampp\htdocs\yii\framework\web\CWebApplication.php:287
Stack trace:
#0 C:\xampp\htdocs\yii\framework\web\CWebApplication.php(142): CWebApplication->runController('themes/biskit/c...')
#1 C:\xampp\htdocs\yii\framework\base\CApplication.php(162): CWebApplication->processRequest()
#2 C:\xampp\htdocs\WebBuro\index.php(13): CApplication->run()
#3 {main}
REQUEST_URI=/WebBuro/themes/biskit/css/images/header-object.png
HTTP_REFERER=http://localhost/WebBuro/user/5.zk
---
